The target system is: Generic - 3.1.99 - arm
The host system is: Windows - 10.0.22621 - AMD64
Compiling the C compiler identification source file "CMakeCCompilerId.c" succeeded.
Compiler: C:/Users/khair/ncs/toolchains/v2.1.0/opt/zephyr-sdk/arm-zephyr-eabi/bin/arm-zephyr-eabi-gcc.exe 
Build flags: 
Id flags: -c 

The output was:
0


Compilation of the C compiler identification source "CMakeCCompilerId.c" produced "CMakeCCompilerId.o"

The C compiler identification is GNU, found in "C:/Users/khair/Desktop/Nordic/ble_per/peripheral_lbs/build/hci_rpmsg/CMakeFiles/3.20.5/CompilerIdC/CMakeCCompilerId.o"

Compiling the CXX compiler identification source file "CMakeCXXCompilerId.cpp" succeeded.
Compiler: C:/Users/khair/ncs/toolchains/v2.1.0/opt/zephyr-sdk/arm-zephyr-eabi/bin/arm-zephyr-eabi-gcc.exe 
Build flags: 
Id flags: -c 

The output was:
0


Compilation of the CXX compiler identification source "CMakeCXXCompilerId.cpp" produced "CMakeCXXCompilerId.o"

The CXX compiler identification is GNU, found in "C:/Users/khair/Desktop/Nordic/ble_per/peripheral_lbs/build/hci_rpmsg/CMakeFiles/3.20.5/CompilerIdCXX/CMakeCXXCompilerId.o"

Checking whether the ASM compiler is GNU using "--version" matched "(GNU assembler)|(GCC)|(Free Software Foundation)":
arm-zephyr-eabi-gcc.exe (Zephyr SDK 0.14.1) 10.3.0
Copyright (C) 2020 Free Software Foundation, Inc.
This is free software; see the source for copying conditions.  There is NO
warranty; not even for MERCHANTABILITY or FITNESS FOR A PARTICULAR PURPOSE.

Determining if files stdatomic.h exist passed with the following output:
Change Dir: C:/Users/khair/Desktop/Nordic/ble_per/peripheral_lbs/build/hci_rpmsg/CMakeFiles/CMakeTmp

Run Build Command(s):C:/Users/khair/ncs/toolchains/v2.1.0/opt/bin/ninja.exe cmTC_7d39b && [1/2] Building C object CMakeFiles/cmTC_7d39b.dir/HAVE_STDATOMIC_H.c.obj
[2/2] Linking C executable cmTC_7d39b
arm-zephyr-eabi-gcc.exe: warning: CMakeFiles/cmTC_7d39b.dir/HAVE_STDATOMIC_H.c.obj: linker input file unused because linking not done



Determining if files fcntl.h exist passed with the following output:
Change Dir: C:/Users/khair/Desktop/Nordic/ble_per/peripheral_lbs/build/hci_rpmsg/CMakeFiles/CMakeTmp

Run Build Command(s):C:/Users/khair/ncs/toolchains/v2.1.0/opt/bin/ninja.exe cmTC_4526b && [1/2] Building C object CMakeFiles/cmTC_4526b.dir/HAVE_FCNTL_H.c.obj
[2/2] Linking C executable cmTC_4526b
arm-zephyr-eabi-gcc.exe: warning: CMakeFiles/cmTC_4526b.dir/HAVE_FCNTL_H.c.obj: linker input file unused because linking not done



